Log: Log file open, 09/30/13 21:20:14
Log: WinSock: version 1.1 (2.2), MaxSocks=32767, MaxUdp=65467
Log: Version: 8629
Log: Compiled (32-bit): Jun 26 2013 17:28:31
Log: Changelist: 744907
Log: Command line: 
Log: Base directory: C:\f`\à;K0\Borderlands2\Binaries\Win32\
[0000.56] Log: CPU Page size=4096, Processors=2
[0000.56] Log: High frequency timer resolution =2.631875 MHz
[0000.56] Log: Memory total: Physical=3.4GB Pagefile=6.8GB Virtual=4.0GB
[0000.63] Log: STEAMWORKS initialized 1
[0000.67] Log: Presizing for 0 objects not considered by GC, pre-allocating 0 bytes.
[0000.67] Log: Presizing GObjAvailable to 262144 slots (~1048576 bytes)
[0000.67] Log: Object subsystem initialized
[0000.68] Log:   Steamworks-provided language string: english
[0001.33] Log: OS stats:
[0001.33] Log: 	Windows 7 Service Pack 1
[0001.33] Log: 	RemoteDesktop=0
[0001.33] Log: Memory stats:
[0001.33] Log: 	Physical: 3506MB
[0001.33] Log: 	Virtual: 4095MB
[0001.33] Log: 	PageFile: 7012MB
[0001.33] Log: CPU stats:
[0001.33] Log: 	MeasuredPerformanceTime: 407.098 (stored result)
[0001.33] Log: 	Hyperthreaded: 1
[0001.33] Log: 	NumProcessorsPerCPU: 1
[0001.33] Log: 	NumLogicalProcessors: 2
[0001.33] Log: 	NumPhysicalProcessors: 16386
[0001.33] Log: 	MaxSpeed: 2700
[0001.33] Log: 	CurrentSpeed: 1377
[0001.33] Log: 	CoresPerProcessor: 16386
[0001.33] Log: 	IsOnBattery: 0
[0001.33] Log: 	BatteryLevel: 99
[0001.33] Log: 	Manufacturer: AMD
[0001.33] Log: 	CPUName: Unknown AMD CPU
[0001.33] Log: 	L1CacheSize: 16
[0001.33] Log: 	L2CacheSize: 1024
[0001.33] Log: 	Architecture: x86
[0001.33] Log: GPU stats:
[0001.33] Log: 	VendorID: 00001002
[0001.33] Log: 	DeviceID: 00009990
[0001.33] Log: 	DriverVersion: 8.17.10.1116
[0001.33] Log: 	DeviceName: AMD Radeon HD 7520G + 7470M Dual Graphics
[0001.33] Log: 	DriverName: aticfx32.dll
[0001.33] Log: 	PixelShaderVersion: 3
[0001.33] Log: 	VertexShaderVersion: 3
[0001.33] Log: 	VRAMQuantity: 1536
[0001.33] Log: 	DedicatedVRAM: 1502
[0001.33] Log: 	AdapterCount: 1
[0001.33] Log: 	SupportsHardwareTnL: 1
[0001.33] Log: 	IsLowMemoryXPMachine: 0
[0001.33] Log: Machine  detected compatibility level: Composite: 4. CPU: 5. GPU: 4.
[0001.33] Log: Previous detected compatibility level: Composite: 4. CPU: 5. GPU: 4.
[0001.46] Log: Shader platform (RHI): PC-D3D-SM3
[0002.43] Log: PhysX GPU Support: DISABLED
[0002.44] Log: Initializing FaceFX...
[0002.45] Log: FaceFX 1.7.4 initialized.
[0037.79] Log: Finished loading startup packages in 34.35 seconds
[0037.84] Log: 154121 objects as part of root set at end of initial load.
[0037.84] Log: Initializing Engine...
[0037.96] Log: UEngine initialized
[0038.49] Log: AK Audio Device initialized.
[0038.69] Log: Client initialized
[0043.72] Log: Initializing Steamworks
[0045.87] Log: Primary PhysX scene will be in software.
[0045.87] Log: Creating Primary PhysX Scene.
[0045.91] Log: Bringing World menumap.TheWorld up for play (0) at 2013.09.30-21.20.59
[0045.93] Log: Bringing up level for play took: 0.389061
[0045.96] Log: Game engine initialized
[0045.99] Log: Initializing Engine Completed
[0062.89] Log: >>>>>>>>>>>>>> Initial startup: 62.89s <<<<<<<<<<<<<<<
[0167.41] Log: Primary PhysX scene will be in software.
[0167.41] Log: Creating Primary PhysX Scene.
[0167.44] Log: Bringing World ExampleEntry.TheWorld up for play (0) at 2013.09.30-21.23.01
[0167.44] Log: Bringing up level for play took: 0.051413
[0167.97] Log: Primary PhysX scene will be in software.
[0167.97] Log: Creating Primary PhysX Scene.
[0168.01] Log: Bringing World Loader.TheWorld up for play (0) at 2013.09.30-21.23.01
[0168.04] Log: Bringing up level for play took: 0.081370
[0168.04] Log: Using cached profile data instead of reading
[0168.05] Log: Using cached profile data instead of reading
[0916.69] Log: Wrote profile (375 bytes) to disk.
[1170.11] Log: Wrote profile (376 bytes) to disk.
[1629.83] Log: Primary PhysX scene will be in software.
[1629.83] Log: Creating Primary PhysX Scene.
[2324.97] Log: Wrote profile (376 bytes) to disk.
[2896.81] Log: Wrote profile (378 bytes) to disk.
[3303.20] Log: Wrote profile (449 bytes) to disk.
[4499.50] Log: Wrote profile (449 bytes) to disk.
[4590.34] Log: Primary PhysX scene will be in software.
[4590.34] Log: Creating Primary PhysX Scene.
[4830.85] Log: Primary PhysX scene will be in software.
[4830.85] Log: Creating Primary PhysX Scene.
[6219.23] Log: Wrote profile (457 bytes) to disk.
[6552.74] Log: Wrote profile (458 bytes) to disk.
[7229.00] Log: Wrote profile (458 bytes) to disk.
[7587.40] Log: Wrote profile (458 bytes) to disk.
[7999.90] Log: Wrote profile (457 bytes) to disk.
[9947.75] Log: Wrote profile (458 bytes) to disk.
[10412.70] Log: Wrote profile (458 bytes) to disk.
[11193.51] Log: Wrote profile (458 bytes) to disk.
[11585.45] Log: Wrote profile (459 bytes) to disk.
[11647.95] Log: Wrote profile (459 bytes) to disk.
[11650.35] Log: Primary PhysX scene will be in software.
[11650.35] Log: Creating Primary PhysX Scene.
[11650.37] Log: Bringing World menumap.TheWorld up for play (0) at 2013.10.01-00.34.24
[11650.41] Log: Bringing up level for play took: 0.221210
[11650.41] Log: Using cached profile data instead of reading
[11650.45] Log: Using cached profile data instead of reading
[12126.23] Log: Primary PhysX scene will be in software.
[12126.23] Log: Creating Primary PhysX Scene.
[12126.25] Log: Bringing World ExampleEntry.TheWorld up for play (0) at 2013.10.01-00.42.20
[12126.25] Log: Bringing up level for play took: 0.040574
[12126.48] Log: Primary PhysX scene will be in software.
[12126.48] Log: Creating Primary PhysX Scene.
[12126.50] Log: Bringing World Loader.TheWorld up for play (0) at 2013.10.01-00.42.20
[12126.52] Log: Bringing up level for play took: 0.048818
[12126.52] Log: Using cached profile data instead of reading
[12126.52] Log: Using cached profile data instead of reading
[12395.22] Log: Wrote profile (457 bytes) to disk.
[12407.47] Log: Primary PhysX scene will be in software.
[12407.47] Log: Creating Primary PhysX Scene.
[12560.60] Log: Wrote profile (458 bytes) to disk.
[12652.72] Log: Primary PhysX scene will be in software.
[12652.72] Log: Creating Primary PhysX Scene.
[12652.73] Log: Bringing World menumap.TheWorld up for play (0) at 2013.10.01-00.51.06
[12652.75] Log: Bringing up level for play took: 0.261165
[12652.76] Log: Using cached profile data instead of reading
[12652.77] Log: Using cached profile data instead of reading
[12855.57] Log: Primary PhysX scene will be in software.
[12855.57] Log: Creating Primary PhysX Scene.
[12855.59] Log: Bringing World ExampleEntry.TheWorld up for play (0) at 2013.10.01-00.54.29
[12855.59] Log: Bringing up level for play took: 0.030082
[12855.88] Log: Primary PhysX scene will be in software.
[12855.88] Log: Creating Primary PhysX Scene.
[12855.89] Log: Bringing World Loader.TheWorld up for play (0) at 2013.10.01-00.54.29
[12855.91] Log: Bringing up level for play took: 0.045597
[12855.91] Log: Using cached profile data instead of reading
[12855.91] Log: Using cached profile data instead of reading
[13252.68] Log: Wrote profile (458 bytes) to disk.
[13322.39] Log: Wrote profile (458 bytes) to disk.
[13684.62] Log: Wrote profile (463 bytes) to disk.
[13748.66] Log: Wrote profile (463 bytes) to disk.
[13831.40] Log: Primary PhysX scene will be in software.
[13831.40] Log: Creating Primary PhysX Scene.
[14043.73] Log: Wrote profile (463 bytes) to disk.
[14211.53] Log: Wrote profile (462 bytes) to disk.
[14889.11] Log: Wrote profile (469 bytes) to disk.
[15455.03] Log: Wrote profile (469 bytes) to disk.
[15641.24] Log: Wrote profile (472 bytes) to disk.
[15799.99] Log: Primary PhysX scene will be in software.
[15799.99] Log: Creating Primary PhysX Scene.
[15813.96] Log: Wrote profile (472 bytes) to disk.
[16061.34] Log: Wrote profile (482 bytes) to disk.
[17122.76] Log: Wrote profile (482 bytes) to disk.
[17379.14] Log: Primary PhysX scene will be in software.
[17379.14] Log: Creating Primary PhysX Scene.
[17413.10] Log: Primary PhysX scene will be in software.
[17413.10] Log: Creating Primary PhysX Scene.
[18471.31] Log: Wrote profile (482 bytes) to disk.
[18501.65] Log: Primary PhysX scene will be in software.
[18501.65] Log: Creating Primary PhysX Scene.
[18540.67] Log: Wrote profile (477 bytes) to disk.
[18841.70] Log: Wrote profile (477 bytes) to disk.
[19300.04] Log: Wrote profile (477 bytes) to disk.
[20203.38] Log: Wrote profile (614 bytes) to disk.
[20231.00] Log: Primary PhysX scene will be in software.
[20231.00] Log: Creating Primary PhysX Scene.
[20522.67] Log: Primary PhysX scene will be in software.
[20522.67] Log: Creating Primary PhysX Scene.
[21042.60] Log: Wrote profile (614 bytes) to disk.
[21406.74] Log: Wrote profile (614 bytes) to disk.
[22008.01] Log: Wrote profile (614 bytes) to disk.
[22190.35] Log: Primary PhysX scene will be in software.
[22190.35] Log: Creating Primary PhysX Scene.
[22190.36] Log: Bringing World menumap.TheWorld up for play (0) at 2013.10.01-03.30.04
[22190.38] Log: Bringing up level for play took: 0.233698
[22190.38] Log: Using cached profile data instead of reading
[22190.40] Log: Using cached profile data instead of reading
[22197.97] Log: Closing by request
[22198.13] Log: Preparing to exit.
[22199.31] Log: Game engine shut down
[22199.84] Log: Windows client shut down
[22200.05] Log: AK Audio shut down.
[22200.76] Log: Object subsystem successfully closed.
[22200.84] Log: Shutting down FaceFX...
[22200.84] Log: FaceFX shutdown.
[22201.03] Log: Exiting.
[22201.05] Log: Log file closed, 10/01/13 03:30:15
