Log: Log file open, 10/12/13 17:25:00
Log: WinSock: version 1.1 (2.2), MaxSocks=32767, MaxUdp=65467
Log: Version: 8629
Log: Compiled (32-bit): Jun 26 2013 17:28:31
Log: Changelist: 744907
Log: Command line: 
Log: Base directory: C:\f`\à;K0\Borderlands2\Binaries\Win32\
[0000.27] Log: CPU Page size=4096, Processors=2
[0000.27] Log: High frequency timer resolution =2.631884 MHz
[0000.27] Log: Memory total: Physical=3.4GB Pagefile=6.8GB Virtual=4.0GB
[0000.27] Log: STEAMWORKS initialized 1
[0000.28] Log: Presizing for 0 objects not considered by GC, pre-allocating 0 bytes.
[0000.28] Log: Presizing GObjAvailable to 262144 slots (~1048576 bytes)
[0000.28] Log: Object subsystem initialized
[0000.28] Log:   Steamworks-provided language string: english
[0000.48] Log: OS stats:
[0000.48] Log: 	Windows 7 Service Pack 1
[0000.48] Log: 	RemoteDesktop=0
[0000.48] Log: Memory stats:
[0000.48] Log: 	Physical: 3506MB
[0000.48] Log: 	Virtual: 4095MB
[0000.48] Log: 	PageFile: 7012MB
[0000.48] Log: CPU stats:
[0000.48] Log: 	MeasuredPerformanceTime: 407.098 (stored result)
[0000.48] Log: 	Hyperthreaded: 1
[0000.48] Log: 	NumProcessorsPerCPU: 1
[0000.48] Log: 	NumLogicalProcessors: 2
[0000.48] Log: 	NumPhysicalProcessors: 16386
[0000.48] Log: 	MaxSpeed: 2700
[0000.48] Log: 	CurrentSpeed: 2700
[0000.48] Log: 	CoresPerProcessor: 16386
[0000.48] Log: 	IsOnBattery: 0
[0000.48] Log: 	BatteryLevel: 100
[0000.48] Log: 	Manufacturer: AMD
[0000.48] Log: 	CPUName: Unknown AMD CPU
[0000.48] Log: 	L1CacheSize: 16
[0000.48] Log: 	L2CacheSize: 1024
[0000.48] Log: 	Architecture: x86
[0000.48] Log: GPU stats:
[0000.48] Log: 	VendorID: 00001002
[0000.48] Log: 	DeviceID: 00009990
[0000.48] Log: 	DriverVersion: 8.17.10.1116
[0000.48] Log: 	DeviceName: AMD Radeon HD 7520G + 7470M Dual Graphics
[0000.48] Log: 	DriverName: aticfx32.dll
[0000.48] Log: 	PixelShaderVersion: 3
[0000.48] Log: 	VertexShaderVersion: 3
[0000.48] Log: 	VRAMQuantity: 1536
[0000.48] Log: 	DedicatedVRAM: 1502
[0000.48] Log: 	AdapterCount: 1
[0000.48] Log: 	SupportsHardwareTnL: 1
[0000.48] Log: 	IsLowMemoryXPMachine: 0
[0000.48] Log: Machine  detected compatibility level: Composite: 4. CPU: 5. GPU: 4.
[0000.48] Log: Previous detected compatibility level: Composite: 4. CPU: 5. GPU: 4.
[0000.52] Log: Shader platform (RHI): PC-D3D-SM3
[0000.61] Log: PhysX GPU Support: DISABLED
[0000.61] Log: Initializing FaceFX...
[0000.61] Log: FaceFX 1.7.4 initialized.
[0008.93] Log: Finished loading startup packages in 8.10 seconds
[0008.96] Log: 154121 objects as part of root set at end of initial load.
[0008.96] Log: Initializing Engine...
[0009.04] Log: UEngine initialized
[0009.14] Log: AK Audio Device initialized.
[0009.23] Log: Client initialized
[0011.50] Log: Initializing Steamworks
[0012.31] Log: Primary PhysX scene will be in software.
[0012.31] Log: Creating Primary PhysX Scene.
[0012.33] Log: Bringing World menumap.TheWorld up for play (0) at 2013.10.12-17.25.12
[0012.34] Log: Bringing up level for play took: 0.144542
[0012.35] Log: Game engine initialized
[0012.37] Log: Initializing Engine Completed
[0029.44] Log: >>>>>>>>>>>>>> Initial startup: 29.44s <<<<<<<<<<<<<<<
[0310.48] Log: Primary PhysX scene will be in software.
[0310.48] Log: Creating Primary PhysX Scene.
[0310.50] Log: Bringing World ExampleEntry.TheWorld up for play (0) at 2013.10.12-17.30.10
[0310.50] Log: Bringing up level for play took: 0.030232
[0310.70] Log: Primary PhysX scene will be in software.
[0310.70] Log: Creating Primary PhysX Scene.
[0310.71] Log: Bringing World Loader.TheWorld up for play (0) at 2013.10.12-17.30.10
[0310.73] Log: Bringing up level for play took: 0.041753
[0310.73] Log: Using cached profile data instead of reading
[0310.73] Log: Using cached profile data instead of reading
[0516.94] Log: Primary PhysX scene will be in software.
[0516.94] Log: Creating Primary PhysX Scene.
[0853.03] Log: Wrote profile (532 bytes) to disk.
[1277.31] Log: Wrote profile (532 bytes) to disk.
[1772.99] Log: Wrote profile (532 bytes) to disk.
[2469.26] Log: Primary PhysX scene will be in software.
[2469.26] Log: Creating Primary PhysX Scene.
[2741.45] Log: Primary PhysX scene will be in software.
[2741.45] Log: Creating Primary PhysX Scene.
[2754.34] Log: Wrote profile (537 bytes) to disk.
[2843.58] Log: Primary PhysX scene will be in software.
[2843.58] Log: Creating Primary PhysX Scene.
[3119.55] Log: Wrote profile (537 bytes) to disk.
[3797.84] Log: Wrote profile (537 bytes) to disk.
[3839.20] Log: Primary PhysX scene will be in software.
[3839.20] Log: Creating Primary PhysX Scene.
[4075.20] Log: Primary PhysX scene will be in software.
[4075.20] Log: Creating Primary PhysX Scene.
[5050.74] Log: Primary PhysX scene will be in software.
[5050.74] Log: Creating Primary PhysX Scene.
[5840.51] Log: Primary PhysX scene will be in software.
[5840.51] Log: Creating Primary PhysX Scene.
[5849.28] Log: Wrote profile (536 bytes) to disk.
[6423.78] Log: Wrote profile (536 bytes) to disk.
[6794.69] Log: Primary PhysX scene will be in software.
[6794.69] Log: Creating Primary PhysX Scene.
[6794.71] Log: Bringing World menumap.TheWorld up for play (0) at 2013.10.12-19.18.14
[6794.77] Log: Bringing up level for play took: 0.259208
[6794.77] Log: Using cached profile data instead of reading
[6794.81] Log: Using cached profile data instead of reading
[6817.35] Log: Primary PhysX scene will be in software.
[6817.35] Log: Creating Primary PhysX Scene.
[6817.37] Log: Bringing World menumap.TheWorld up for play (90) at 2013.10.12-19.18.37
[6817.38] Log: Bringing up level for play took: 0.071312
[6817.51] Log: Using cached profile data instead of reading
[6817.52] Log: Using cached profile data instead of reading
[6829.25] Log: Primary PhysX scene will be in software.
[6829.25] Log: Creating Primary PhysX Scene.
[6829.27] Log: Bringing World ExampleEntry.TheWorld up for play (90) at 2013.10.12-19.18.49
[6829.27] Log: Bringing up level for play took: 0.030756
[6829.54] Log: Primary PhysX scene will be in software.
[6829.54] Log: Creating Primary PhysX Scene.
[6829.55] Log: Bringing World Loader.TheWorld up for play (90) at 2013.10.12-19.18.49
[6829.56] Log: Bringing up level for play took: 0.034931
[6829.86] Log: Using cached profile data instead of reading
[6829.86] Log: Using cached profile data instead of reading
[6919.14] Log: Primary PhysX scene will be in software.
[6919.14] Log: Creating Primary PhysX Scene.
[7000.83] Log: Primary PhysX scene will be in software.
[7000.83] Log: Creating Primary PhysX Scene.
[7017.09] Log: Wrote profile (536 bytes) to disk.
[7096.31] Log: Wrote profile (533 bytes) to disk.
[7170.83] Log: Primary PhysX scene will be in software.
[7170.83] Log: Creating Primary PhysX Scene.
[7401.26] Log: Primary PhysX scene will be in software.
[7401.26] Log: Creating Primary PhysX Scene.
[7449.41] Log: Primary PhysX scene will be in software.
[7449.41] Log: Creating Primary PhysX Scene.
[7449.44] Log: Bringing World menumap.TheWorld up for play (0) at 2013.10.12-19.29.09
[7449.46] Log: Bringing up level for play took: 0.127090
[7449.46] Log: Using cached profile data instead of reading
[7449.48] Log: Using cached profile data instead of reading
[7482.58] Log: Primary PhysX scene will be in software.
[7482.58] Log: Creating Primary PhysX Scene.
[7482.61] Log: Bringing World ExampleEntry.TheWorld up for play (0) at 2013.10.12-19.29.42
[7482.61] Log: Bringing up level for play took: 0.055629
[7483.20] Log: Primary PhysX scene will be in software.
[7483.20] Log: Creating Primary PhysX Scene.
[7483.22] Log: Bringing World Loader.TheWorld up for play (0) at 2013.10.12-19.29.43
[7483.24] Log: Bringing up level for play took: 0.071714
[7483.24] Log: Using cached profile data instead of reading
[7483.24] Log: Using cached profile data instead of reading
[7611.35] Log: Wrote profile (533 bytes) to disk.
[7961.05] Log: Primary PhysX scene will be in software.
[7961.05] Log: Creating Primary PhysX Scene.
[7973.74] Log: Wrote profile (532 bytes) to disk.
[8221.64] Log: Primary PhysX scene will be in software.
[8221.64] Log: Creating Primary PhysX Scene.
[8221.66] Log: Bringing World menumap.TheWorld up for play (0) at 2013.10.12-19.42.01
[8221.68] Log: Bringing up level for play took: 0.351124
[8221.69] Log: Using cached profile data instead of reading
[8221.70] Log: Using cached profile data instead of reading
[8231.63] Log: Closing by request
[8231.83] Log: Preparing to exit.
[8233.35] Log: Game engine shut down
[8233.94] Log: Windows client shut down
[8233.98] Log: AK Audio shut down.
[8234.85] Log: Object subsystem successfully closed.
[8234.88] Log: Shutting down FaceFX...
[8234.88] Log: FaceFX shutdown.
[8235.11] Log: Exiting.
[8235.14] Log: Log file closed, 10/12/13 19:42:15
