Log: Log file open, 10/11/13 20:25:15
Log: WinSock: version 1.1 (2.2), MaxSocks=32767, MaxUdp=65467
Log: Version: 8629
Log: Compiled (32-bit): Jun 26 2013 17:28:31
Log: Changelist: 744907
Log: Command line: 
Log: Base directory: C:\f`\à;K0\Borderlands2\Binaries\Win32\
[0000.44] Log: CPU Page size=4096, Processors=2
[0000.44] Log: High frequency timer resolution =2.631914 MHz
[0000.44] Log: Memory total: Physical=3.4GB Pagefile=6.8GB Virtual=4.0GB
[0000.45] Log: STEAMWORKS initialized 1
[0000.45] Log: Presizing for 0 objects not considered by GC, pre-allocating 0 bytes.
[0000.45] Log: Presizing GObjAvailable to 262144 slots (~1048576 bytes)
[0000.45] Log: Object subsystem initialized
[0000.45] Log:   Steamworks-provided language string: english
[0000.69] Log: OS stats:
[0000.69] Log: 	Windows 7 Service Pack 1
[0000.69] Log: 	RemoteDesktop=0
[0000.69] Log: Memory stats:
[0000.69] Log: 	Physical: 3506MB
[0000.69] Log: 	Virtual: 4095MB
[0000.69] Log: 	PageFile: 7012MB
[0000.69] Log: CPU stats:
[0000.69] Log: 	MeasuredPerformanceTime: 407.098 (stored result)
[0000.69] Log: 	Hyperthreaded: 1
[0000.69] Log: 	NumProcessorsPerCPU: 1
[0000.69] Log: 	NumLogicalProcessors: 2
[0000.69] Log: 	NumPhysicalProcessors: 16386
[0000.69] Log: 	MaxSpeed: 2700
[0000.69] Log: 	CurrentSpeed: 2700
[0000.69] Log: 	CoresPerProcessor: 16386
[0000.69] Log: 	IsOnBattery: 0
[0000.69] Log: 	BatteryLevel: 100
[0000.69] Log: 	Manufacturer: AMD
[0000.69] Log: 	CPUName: Unknown AMD CPU
[0000.69] Log: 	L1CacheSize: 16
[0000.69] Log: 	L2CacheSize: 1024
[0000.69] Log: 	Architecture: x86
[0000.69] Log: GPU stats:
[0000.69] Log: 	VendorID: 00001002
[0000.69] Log: 	DeviceID: 00009990
[0000.69] Log: 	DriverVersion: 8.17.10.1116
[0000.69] Log: 	DeviceName: AMD Radeon HD 7520G + 7470M Dual Graphics
[0000.69] Log: 	DriverName: aticfx32.dll
[0000.69] Log: 	PixelShaderVersion: 3
[0000.69] Log: 	VertexShaderVersion: 3
[0000.69] Log: 	VRAMQuantity: 1536
[0000.69] Log: 	DedicatedVRAM: 1502
[0000.69] Log: 	AdapterCount: 1
[0000.69] Log: 	SupportsHardwareTnL: 1
[0000.69] Log: 	IsLowMemoryXPMachine: 0
[0000.69] Log: Machine  detected compatibility level: Composite: 4. CPU: 5. GPU: 4.
[0000.69] Log: Previous detected compatibility level: Composite: 4. CPU: 5. GPU: 4.
[0000.73] Log: Shader platform (RHI): PC-D3D-SM3
[0002.87] Log: PhysX GPU Support: DISABLED
[0002.91] Log: Initializing FaceFX...
[0002.91] Log: FaceFX 1.7.4 initialized.
[0011.65] Log: Finished loading startup packages in 8.49 seconds
[0011.68] Log: 154121 objects as part of root set at end of initial load.
[0011.68] Log: Initializing Engine...
[0011.72] Log: UEngine initialized
[0012.22] Log: AK Audio Device initialized.
[0012.46] Log: Client initialized
[0015.06] Log: Initializing Steamworks
[0016.19] Log: Primary PhysX scene will be in software.
[0016.19] Log: Creating Primary PhysX Scene.
[0016.20] Log: Bringing World menumap.TheWorld up for play (0) at 2013.10.11-20.25.30
[0016.22] Log: Bringing up level for play took: 0.166931
[0016.22] Log: Game engine initialized
[0016.26] Log: Initializing Engine Completed
[0033.07] Log: >>>>>>>>>>>>>> Initial startup: 33.07s <<<<<<<<<<<<<<<
[0138.70] Log: Primary PhysX scene will be in software.
[0138.70] Log: Creating Primary PhysX Scene.
[0138.72] Log: Bringing World Loader.TheWorld up for play (90) at 2013.10.11-20.27.33
[0138.72] Log: Bringing up level for play took: 0.061367
[0138.79] Log: Using cached profile data instead of reading
[0138.80] Log: Using cached profile data instead of reading
[0412.87] Log: Primary PhysX scene will be in software.
[0412.87] Log: Creating Primary PhysX Scene.
[1063.67] Log: Primary PhysX scene will be in software.
[1063.67] Log: Creating Primary PhysX Scene.
[1063.69] Log: Bringing World menumap.TheWorld up for play (0) at 2013.10.11-20.42.58
[1063.70] Log: Bringing up level for play took: 0.098389
[1063.71] Log: Using cached profile data instead of reading
[1063.71] Log: Using cached profile data instead of reading
[1098.86] Log: Primary PhysX scene will be in software.
[1098.86] Log: Creating Primary PhysX Scene.
[1098.88] Log: Bringing World Loader.TheWorld up for play (90) at 2013.10.11-20.43.33
[1098.88] Log: Bringing up level for play took: 0.032877
[1098.95] Log: Using cached profile data instead of reading
[1098.95] Log: Using cached profile data instead of reading
[1157.53] Log: Wrote profile (522 bytes) to disk.
[1586.17] Log: Wrote profile (522 bytes) to disk.
[1645.34] Log: Primary PhysX scene will be in software.
[1645.34] Log: Creating Primary PhysX Scene.
[1867.47] Log: Wrote profile (522 bytes) to disk.
[1954.11] Log: Primary PhysX scene will be in software.
[1954.11] Log: Creating Primary PhysX Scene.
[2090.87] Log: Primary PhysX scene will be in software.
[2090.87] Log: Creating Primary PhysX Scene.
[3097.29] Log: Wrote profile (523 bytes) to disk.
[3955.67] Log: Wrote profile (523 bytes) to disk.
[5299.00] Log: Wrote profile (523 bytes) to disk.
[5718.02] Log: Wrote profile (523 bytes) to disk.
[5794.46] Log: Wrote profile (523 bytes) to disk.
[6279.59] Log: Wrote profile (523 bytes) to disk.
[6691.67] Log: Wrote profile (524 bytes) to disk.
[7015.70] Log: Wrote profile (527 bytes) to disk.
[7201.34] Log: Wrote profile (527 bytes) to disk.
[7273.72] Log: Wrote profile (526 bytes) to disk.
[7464.63] Log: Primary PhysX scene will be in software.
[7464.63] Log: Creating Primary PhysX Scene.
[7749.02] Log: Primary PhysX scene will be in software.
[7749.02] Log: Creating Primary PhysX Scene.
[7774.58] Log: Primary PhysX scene will be in software.
[7774.58] Log: Creating Primary PhysX Scene.
[8118.47] Log: Primary PhysX scene will be in software.
[8118.47] Log: Creating Primary PhysX Scene.
[8130.62] Log: Wrote profile (526 bytes) to disk.
[8327.23] Log: Primary PhysX scene will be in software.
[8327.23] Log: Creating Primary PhysX Scene.
[8932.79] Log: Wrote profile (526 bytes) to disk.
[9397.86] Log: Wrote profile (526 bytes) to disk.
[9820.66] Log: Primary PhysX scene will be in software.
[9820.66] Log: Creating Primary PhysX Scene.
[10560.90] Log: Primary PhysX scene will be in software.
[10560.90] Log: Creating Primary PhysX Scene.
[10560.92] Log: Bringing World menumap.TheWorld up for play (0) at 2013.10.11-23.21.15
[10560.94] Log: Bringing up level for play took: 0.184222
[10560.95] Log: Using cached profile data instead of reading
[10560.95] Log: Using cached profile data instead of reading
[10570.70] Log: Closing by request
[10570.93] Log: Preparing to exit.
[10572.59] Log: Game engine shut down
[10573.60] Log: Windows client shut down
[10573.66] Log: AK Audio shut down.
[10574.48] Log: Object subsystem successfully closed.
[10574.51] Log: Shutting down FaceFX...
[10574.51] Log: FaceFX shutdown.
[10574.79] Log: Exiting.
[10574.82] Log: Log file closed, 10/11/13 23:21:29
