Log: Log file open, 10/10/13 22:05:59
Log: WinSock: version 1.1 (2.2), MaxSocks=32767, MaxUdp=65467
Log: Version: 8629
Log: Compiled (32-bit): Jun 26 2013 17:28:31
Log: Changelist: 744907
Log: Command line: 
Log: Base directory: C:\f`\à;K0\Borderlands2\Binaries\Win32\
[0000.22] Log: CPU Page size=4096, Processors=2
[0000.22] Log: High frequency timer resolution =2.631875 MHz
[0000.22] Log: Memory total: Physical=3.4GB Pagefile=6.8GB Virtual=4.0GB
[0000.22] Log: STEAMWORKS initialized 1
[0000.23] Log: Presizing for 0 objects not considered by GC, pre-allocating 0 bytes.
[0000.23] Log: Presizing GObjAvailable to 262144 slots (~1048576 bytes)
[0000.23] Log: Object subsystem initialized
[0000.23] Log:   Steamworks-provided language string: english
[0000.41] Log: OS stats:
[0000.41] Log: 	Windows 7 Service Pack 1
[0000.41] Log: 	RemoteDesktop=0
[0000.41] Log: Memory stats:
[0000.41] Log: 	Physical: 3506MB
[0000.41] Log: 	Virtual: 4095MB
[0000.41] Log: 	PageFile: 7012MB
[0000.41] Log: CPU stats:
[0000.41] Log: 	MeasuredPerformanceTime: 407.098 (stored result)
[0000.41] Log: 	Hyperthreaded: 1
[0000.41] Log: 	NumProcessorsPerCPU: 1
[0000.41] Log: 	NumLogicalProcessors: 2
[0000.41] Log: 	NumPhysicalProcessors: 16386
[0000.41] Log: 	MaxSpeed: 2700
[0000.41] Log: 	CurrentSpeed: 2700
[0000.41] Log: 	CoresPerProcessor: 16386
[0000.41] Log: 	IsOnBattery: 0
[0000.41] Log: 	BatteryLevel: 100
[0000.41] Log: 	Manufacturer: AMD
[0000.41] Log: 	CPUName: Unknown AMD CPU
[0000.41] Log: 	L1CacheSize: 16
[0000.41] Log: 	L2CacheSize: 1024
[0000.41] Log: 	Architecture: x86
[0000.41] Log: GPU stats:
[0000.41] Log: 	VendorID: 00001002
[0000.41] Log: 	DeviceID: 00009990
[0000.41] Log: 	DriverVersion: 8.17.10.1116
[0000.41] Log: 	DeviceName: AMD Radeon HD 7520G + 7470M Dual Graphics
[0000.41] Log: 	DriverName: aticfx32.dll
[0000.41] Log: 	PixelShaderVersion: 3
[0000.41] Log: 	VertexShaderVersion: 3
[0000.41] Log: 	VRAMQuantity: 1536
[0000.41] Log: 	DedicatedVRAM: 1502
[0000.41] Log: 	AdapterCount: 1
[0000.41] Log: 	SupportsHardwareTnL: 1
[0000.41] Log: 	IsLowMemoryXPMachine: 0
[0000.41] Log: Machine  detected compatibility level: Composite: 4. CPU: 5. GPU: 4.
[0000.41] Log: Previous detected compatibility level: Composite: 4. CPU: 5. GPU: 4.
[0000.47] Log: Shader platform (RHI): PC-D3D-SM3
[0000.57] Log: PhysX GPU Support: DISABLED
[0000.58] Log: Initializing FaceFX...
[0000.58] Log: FaceFX 1.7.4 initialized.
[0009.54] Log: Finished loading startup packages in 8.70 seconds
[0009.57] Log: 154121 objects as part of root set at end of initial load.
[0009.57] Log: Initializing Engine...
[0009.66] Log: UEngine initialized
[0009.82] Log: AK Audio Device initialized.
[0009.95] Log: Client initialized
[0012.96] Log: Initializing Steamworks
[0014.11] Log: Primary PhysX scene will be in software.
[0014.11] Log: Creating Primary PhysX Scene.
[0014.12] Log: Bringing World menumap.TheWorld up for play (0) at 2013.10.10-22.06.13
[0014.13] Log: Bringing up level for play took: 0.468387
[0014.14] Log: Game engine initialized
[0014.16] Log: Initializing Engine Completed
[0024.06] Log: >>>>>>>>>>>>>> Initial startup: 24.06s <<<<<<<<<<<<<<<
[0177.98] Log: Primary PhysX scene will be in software.
[0177.98] Log: Creating Primary PhysX Scene.
[0178.00] Log: Bringing World ExampleEntry.TheWorld up for play (0) at 2013.10.10-22.08.57
[0178.00] Log: Bringing up level for play took: 0.034939
[0178.31] Log: Primary PhysX scene will be in software.
[0178.31] Log: Creating Primary PhysX Scene.
[0178.34] Log: Bringing World Loader.TheWorld up for play (0) at 2013.10.10-22.08.57
[0178.35] Log: Bringing up level for play took: 0.067344
[0178.35] Log: Using cached profile data instead of reading
[0178.35] Log: Using cached profile data instead of reading
[0258.18] Log: Primary PhysX scene will be in software.
[0258.18] Log: Creating Primary PhysX Scene.
[0258.20] Log: Bringing World menumap.TheWorld up for play (0) at 2013.10.10-22.10.17
[0258.22] Log: Bringing up level for play took: 0.147056
[0258.22] Log: Using cached profile data instead of reading
[0258.23] Log: Using cached profile data instead of reading
[0333.16] Log: Primary PhysX scene will be in software.
[0333.16] Log: Creating Primary PhysX Scene.
[0333.18] Log: Bringing World ExampleEntry.TheWorld up for play (0) at 2013.10.10-22.11.32
[0333.18] Log: Bringing up level for play took: 0.031275
[0333.49] Log: Primary PhysX scene will be in software.
[0333.49] Log: Creating Primary PhysX Scene.
[0333.50] Log: Bringing World Loader.TheWorld up for play (0) at 2013.10.10-22.11.32
[0333.52] Log: Bringing up level for play took: 0.050381
[0333.52] Log: Using cached profile data instead of reading
[0333.52] Log: Using cached profile data instead of reading
[0360.66] Log: Primary PhysX scene will be in software.
[0360.66] Log: Creating Primary PhysX Scene.
[0360.68] Log: Bringing World menumap.TheWorld up for play (0) at 2013.10.10-22.12.00
[0360.70] Log: Bringing up level for play took: 0.300515
[0360.70] Log: Using cached profile data instead of reading
[0360.71] Log: Using cached profile data instead of reading
[0371.20] Log: Closing by request
[0371.36] Log: Preparing to exit.
[0372.64] Log: Game engine shut down
[0373.17] Log: Windows client shut down
[0373.29] Log: AK Audio shut down.
[0373.98] Log: Object subsystem successfully closed.
[0373.99] Log: Shutting down FaceFX...
[0373.99] Log: FaceFX shutdown.
[0374.24] Log: Exiting.
[0374.27] Log: Log file closed, 10/10/13 22:12:13
