Log: Log file open, 10/10/13 21:25:40
Log: WinSock: version 1.1 (2.2), MaxSocks=32767, MaxUdp=65467
Log: Version: 8629
Log: Compiled (32-bit): Jun 26 2013 17:28:31
Log: Changelist: 744907
Log: Command line: 
Log: Base directory: C:\f`\à;K0\Borderlands2\Binaries\Win32\
[0000.21] Log: CPU Page size=4096, Processors=2
[0000.21] Log: High frequency timer resolution =2.631875 MHz
[0000.21] Log: Memory total: Physical=3.4GB Pagefile=6.8GB Virtual=4.0GB
[0000.21] Log: STEAMWORKS initialized 1
[0000.22] Log: Presizing for 0 objects not considered by GC, pre-allocating 0 bytes.
[0000.22] Log: Presizing GObjAvailable to 262144 slots (~1048576 bytes)
[0000.22] Log: Object subsystem initialized
[0000.22] Log:   Steamworks-provided language string: english
[0000.39] Log: OS stats:
[0000.39] Log: 	Windows 7 Service Pack 1
[0000.39] Log: 	RemoteDesktop=0
[0000.39] Log: Memory stats:
[0000.39] Log: 	Physical: 3506MB
[0000.39] Log: 	Virtual: 4095MB
[0000.39] Log: 	PageFile: 7012MB
[0000.39] Log: CPU stats:
[0000.39] Log: 	MeasuredPerformanceTime: 407.098 (stored result)
[0000.39] Log: 	Hyperthreaded: 1
[0000.39] Log: 	NumProcessorsPerCPU: 1
[0000.39] Log: 	NumLogicalProcessors: 2
[0000.39] Log: 	NumPhysicalProcessors: 16386
[0000.39] Log: 	MaxSpeed: 2700
[0000.39] Log: 	CurrentSpeed: 2700
[0000.39] Log: 	CoresPerProcessor: 16386
[0000.39] Log: 	IsOnBattery: 0
[0000.39] Log: 	BatteryLevel: 100
[0000.39] Log: 	Manufacturer: AMD
[0000.39] Log: 	CPUName: Unknown AMD CPU
[0000.39] Log: 	L1CacheSize: 16
[0000.39] Log: 	L2CacheSize: 1024
[0000.39] Log: 	Architecture: x86
[0000.39] Log: GPU stats:
[0000.39] Log: 	VendorID: 00001002
[0000.39] Log: 	DeviceID: 00009990
[0000.39] Log: 	DriverVersion: 8.17.10.1116
[0000.39] Log: 	DeviceName: AMD Radeon HD 7520G + 7470M Dual Graphics
[0000.39] Log: 	DriverName: aticfx32.dll
[0000.39] Log: 	PixelShaderVersion: 3
[0000.39] Log: 	VertexShaderVersion: 3
[0000.39] Log: 	VRAMQuantity: 1536
[0000.39] Log: 	DedicatedVRAM: 1502
[0000.39] Log: 	AdapterCount: 1
[0000.39] Log: 	SupportsHardwareTnL: 1
[0000.39] Log: 	IsLowMemoryXPMachine: 0
[0000.40] Log: Machine  detected compatibility level: Composite: 4. CPU: 5. GPU: 4.
[0000.40] Log: Previous detected compatibility level: Composite: 4. CPU: 5. GPU: 4.
[0000.44] Log: Shader platform (RHI): PC-D3D-SM3
[0000.53] Log: PhysX GPU Support: DISABLED
[0000.53] Log: Initializing FaceFX...
[0000.53] Log: FaceFX 1.7.4 initialized.
[0009.15] Log: Finished loading startup packages in 8.37 seconds
[0009.18] Log: 154121 objects as part of root set at end of initial load.
[0009.18] Log: Initializing Engine...
[0009.24] Log: UEngine initialized
[0009.36] Log: AK Audio Device initialized.
[0009.63] Log: Client initialized
[0012.09] Log: Initializing Steamworks
[0013.18] Log: Primary PhysX scene will be in software.
[0013.18] Log: Creating Primary PhysX Scene.
[0013.20] Log: Bringing World menumap.TheWorld up for play (0) at 2013.10.10-21.25.53
[0013.21] Log: Bringing up level for play took: 0.208143
[0013.22] Log: Game engine initialized
[0013.24] Log: Initializing Engine Completed
[0023.98] Log: >>>>>>>>>>>>>> Initial startup: 23.98s <<<<<<<<<<<<<<<
[0240.26] Log: Primary PhysX scene will be in software.
[0240.26] Log: Creating Primary PhysX Scene.
[0240.27] Log: Bringing World ExampleEntry.TheWorld up for play (0) at 2013.10.10-21.29.40
[0240.27] Log: Bringing up level for play took: 0.024974
[0240.47] Log: Primary PhysX scene will be in software.
[0240.47] Log: Creating Primary PhysX Scene.
[0240.48] Log: Bringing World Loader.TheWorld up for play (0) at 2013.10.10-21.29.40
[0240.49] Log: Bringing up level for play took: 0.037924
[0240.49] Log: Using cached profile data instead of reading
[0240.50] Log: Using cached profile data instead of reading
[0254.60] Log: Primary PhysX scene will be in software.
[0254.60] Log: Creating Primary PhysX Scene.
[0254.62] Log: Bringing World menumap.TheWorld up for play (0) at 2013.10.10-21.29.54
[0254.64] Log: Bringing up level for play took: 0.183974
[0254.64] Log: Using cached profile data instead of reading
[0254.65] Log: Using cached profile data instead of reading
[0255.67] Log: Wrote profile (517 bytes) to disk.
[0632.87] Log: Closing by request
[0633.00] Log: Preparing to exit.
[0634.09] Log: Game engine shut down
[0634.66] Log: Windows client shut down
[0634.70] Log: AK Audio shut down.
[0635.49] Log: Object subsystem successfully closed.
[0635.50] Log: Shutting down FaceFX...
[0635.50] Log: FaceFX shutdown.
[0635.65] Log: Exiting.
[0635.67] Log: Log file closed, 10/10/13 21:36:16
