Log: Log file open, 10/10/13 21:53:36
Log: WinSock: version 1.1 (2.2), MaxSocks=32767, MaxUdp=65467
Log: Version: 8629
Log: Compiled (32-bit): Jun 26 2013 17:28:31
Log: Changelist: 744907
Log: Command line: 
Log: Base directory: C:\f`\à;K0\Borderlands2\Binaries\Win32\
[0000.21] Log: CPU Page size=4096, Processors=2
[0000.21] Log: High frequency timer resolution =2.631875 MHz
[0000.21] Log: Memory total: Physical=3.4GB Pagefile=6.8GB Virtual=4.0GB
[0000.21] Log: STEAMWORKS initialized 1
[0000.21] Log: Presizing for 0 objects not considered by GC, pre-allocating 0 bytes.
[0000.21] Log: Presizing GObjAvailable to 262144 slots (~1048576 bytes)
[0000.22] Log: Object subsystem initialized
[0000.22] Log:   Steamworks-provided language string: english
[0000.39] Log: OS stats:
[0000.39] Log: 	Windows 7 Service Pack 1
[0000.39] Log: 	RemoteDesktop=0
[0000.39] Log: Memory stats:
[0000.39] Log: 	Physical: 3506MB
[0000.39] Log: 	Virtual: 4095MB
[0000.39] Log: 	PageFile: 7012MB
[0000.39] Log: CPU stats:
[0000.39] Log: 	MeasuredPerformanceTime: 407.098 (stored result)
[0000.39] Log: 	Hyperthreaded: 1
[0000.39] Log: 	NumProcessorsPerCPU: 1
[0000.39] Log: 	NumLogicalProcessors: 2
[0000.39] Log: 	NumPhysicalProcessors: 16386
[0000.39] Log: 	MaxSpeed: 2700
[0000.39] Log: 	CurrentSpeed: 2700
[0000.39] Log: 	CoresPerProcessor: 16386
[0000.39] Log: 	IsOnBattery: 0
[0000.39] Log: 	BatteryLevel: 100
[0000.39] Log: 	Manufacturer: AMD
[0000.39] Log: 	CPUName: Unknown AMD CPU
[0000.39] Log: 	L1CacheSize: 16
[0000.39] Log: 	L2CacheSize: 1024
[0000.39] Log: 	Architecture: x86
[0000.39] Log: GPU stats:
[0000.39] Log: 	VendorID: 00001002
[0000.39] Log: 	DeviceID: 00009990
[0000.39] Log: 	DriverVersion: 8.17.10.1116
[0000.39] Log: 	DeviceName: AMD Radeon HD 7520G + 7470M Dual Graphics
[0000.39] Log: 	DriverName: aticfx32.dll
[0000.39] Log: 	PixelShaderVersion: 3
[0000.39] Log: 	VertexShaderVersion: 3
[0000.39] Log: 	VRAMQuantity: 1536
[0000.39] Log: 	DedicatedVRAM: 1502
[0000.39] Log: 	AdapterCount: 1
[0000.39] Log: 	SupportsHardwareTnL: 1
[0000.39] Log: 	IsLowMemoryXPMachine: 0
[0000.39] Log: Machine  detected compatibility level: Composite: 4. CPU: 5. GPU: 4.
[0000.39] Log: Previous detected compatibility level: Composite: 4. CPU: 5. GPU: 4.
[0000.43] Log: Shader platform (RHI): PC-D3D-SM3
[0000.52] Log: PhysX GPU Support: DISABLED
[0000.52] Log: Initializing FaceFX...
[0000.53] Log: FaceFX 1.7.4 initialized.
[0009.74] Log: Finished loading startup packages in 8.96 seconds
[0009.77] Log: 154121 objects as part of root set at end of initial load.
[0009.77] Log: Initializing Engine...
[0009.82] Log: UEngine initialized
[0009.97] Log: AK Audio Device initialized.
[0010.05] Log: Client initialized
[0012.59] Log: Initializing Steamworks
[0013.80] Log: Primary PhysX scene will be in software.
[0013.80] Log: Creating Primary PhysX Scene.
[0013.81] Log: Bringing World menumap.TheWorld up for play (0) at 2013.10.10-21.53.50
[0013.83] Log: Bringing up level for play took: 0.568084
[0013.84] Log: Game engine initialized
[0013.86] Log: Initializing Engine Completed
[0031.21] Log: >>>>>>>>>>>>>> Initial startup: 31.21s <<<<<<<<<<<<<<<
[0333.70] Log: Primary PhysX scene will be in software.
[0333.70] Log: Creating Primary PhysX Scene.
[0333.72] Log: Bringing World ExampleEntry.TheWorld up for play (0) at 2013.10.10-21.59.10
[0333.72] Log: Bringing up level for play took: 0.029322
[0333.89] Log: Primary PhysX scene will be in software.
[0333.89] Log: Creating Primary PhysX Scene.
[0333.90] Log: Bringing World Loader.TheWorld up for play (0) at 2013.10.10-21.59.10
[0333.92] Log: Bringing up level for play took: 0.039357
[0333.92] Log: Using cached profile data instead of reading
[0333.92] Log: Using cached profile data instead of reading
[0371.96] Log: Primary PhysX scene will be in software.
[0371.96] Log: Creating Primary PhysX Scene.
[0680.29] Log: Wrote profile (517 bytes) to disk.
[0682.50] Log: Primary PhysX scene will be in software.
[0682.50] Log: Creating Primary PhysX Scene.
[0682.52] Log: Bringing World menumap.TheWorld up for play (0) at 2013.10.10-22.04.58
[0682.57] Log: Bringing up level for play took: 0.366576
[0682.57] Log: Using cached profile data instead of reading
[0682.59] Log: Using cached profile data instead of reading
[0738.20] Log: Closing by request
[0738.40] Log: Preparing to exit.
[0739.69] Log: Game engine shut down
[0740.28] Log: Windows client shut down
[0740.33] Log: AK Audio shut down.
[0740.93] Log: Object subsystem successfully closed.
[0740.97] Log: Shutting down FaceFX...
[0740.97] Log: FaceFX shutdown.
[0741.14] Log: Exiting.
[0741.16] Log: Log file closed, 10/10/13 22:05:57
