Log: Log file open, 10/17/13 12:46:41
Log: WinSock: version 1.1 (2.2), MaxSocks=32767, MaxUdp=65467
Log: Version: 8629
Log: Compiled (32-bit): Jun 26 2013 17:28:31
Log: Changelist: 744907
Log: Command line: 
Log: Base directory: C:\f`\à;K0\Borderlands2\Binaries\Win32\
[0000.23] Log: CPU Page size=4096, Processors=2
[0000.23] Log: High frequency timer resolution =2.631914 MHz
[0000.23] Log: Memory total: Physical=3.4GB Pagefile=6.8GB Virtual=4.0GB
[0000.23] Log: STEAMWORKS initialized 1
[0000.23] Log: Presizing for 0 objects not considered by GC, pre-allocating 0 bytes.
[0000.23] Log: Presizing GObjAvailable to 262144 slots (~1048576 bytes)
[0000.23] Log: Object subsystem initialized
[0000.23] Log:   Steamworks-provided language string: english
[0000.53] Log: OS stats:
[0000.53] Log: 	Windows 7 Service Pack 1
[0000.53] Log: 	RemoteDesktop=0
[0000.53] Log: Memory stats:
[0000.53] Log: 	Physical: 3506MB
[0000.53] Log: 	Virtual: 4095MB
[0000.53] Log: 	PageFile: 7012MB
[0000.53] Log: CPU stats:
[0000.53] Log: 	MeasuredPerformanceTime: 407.098 (stored result)
[0000.53] Log: 	Hyperthreaded: 1
[0000.53] Log: 	NumProcessorsPerCPU: 1
[0000.53] Log: 	NumLogicalProcessors: 2
[0000.53] Log: 	NumPhysicalProcessors: 16386
[0000.53] Log: 	MaxSpeed: 2700
[0000.53] Log: 	CurrentSpeed: 2700
[0000.53] Log: 	CoresPerProcessor: 16386
[0000.53] Log: 	IsOnBattery: 0
[0000.53] Log: 	BatteryLevel: 100
[0000.53] Log: 	Manufacturer: AMD
[0000.53] Log: 	CPUName: Unknown AMD CPU
[0000.53] Log: 	L1CacheSize: 16
[0000.53] Log: 	L2CacheSize: 1024
[0000.53] Log: 	Architecture: x86
[0000.53] Log: GPU stats:
[0000.53] Log: 	VendorID: 00001002
[0000.53] Log: 	DeviceID: 00009990
[0000.53] Log: 	DriverVersion: 8.17.10.1116
[0000.53] Log: 	DeviceName: AMD Radeon HD 7520G + 7470M Dual Graphics
[0000.53] Log: 	DriverName: aticfx32.dll
[0000.53] Log: 	PixelShaderVersion: 3
[0000.53] Log: 	VertexShaderVersion: 3
[0000.53] Log: 	VRAMQuantity: 1536
[0000.53] Log: 	DedicatedVRAM: 1502
[0000.53] Log: 	AdapterCount: 1
[0000.53] Log: 	SupportsHardwareTnL: 1
[0000.53] Log: 	IsLowMemoryXPMachine: 0
[0000.53] Log: Machine  detected compatibility level: Composite: 4. CPU: 5. GPU: 4.
[0000.53] Log: Previous detected compatibility level: Composite: 4. CPU: 5. GPU: 4.
[0000.57] Log: Shader platform (RHI): PC-D3D-SM3
[0000.67] Log: PhysX GPU Support: DISABLED
[0000.67] Log: Initializing FaceFX...
[0000.67] Log: FaceFX 1.7.4 initialized.
[0009.94] Log: Finished loading startup packages in 9.06 seconds
[0009.98] Log: 154121 objects as part of root set at end of initial load.
[0009.98] Log: Initializing Engine...
[0010.04] Log: UEngine initialized
[0010.16] Log: AK Audio Device initialized.
[0010.24] Log: Client initialized
[0013.34] Log: Initializing Steamworks
[0014.41] Log: Primary PhysX scene will be in software.
[0014.41] Log: Creating Primary PhysX Scene.
[0014.42] Log: Bringing World menumap.TheWorld up for play (0) at 2013.10.17-12.46.55
[0014.44] Log: Bringing up level for play took: 0.182257
[0014.44] Log: Game engine initialized
[0014.46] Log: Initializing Engine Completed
[0031.86] Log: >>>>>>>>>>>>>> Initial startup: 31.86s <<<<<<<<<<<<<<<
[0209.44] Log: Primary PhysX scene will be in software.
[0209.44] Log: Creating Primary PhysX Scene.
[0209.46] Log: Bringing World ExampleEntry.TheWorld up for play (0) at 2013.10.17-12.50.10
[0209.46] Log: Bringing up level for play took: 0.035926
[0209.73] Log: Primary PhysX scene will be in software.
[0209.73] Log: Creating Primary PhysX Scene.
[0209.83] Log: Bringing World Loader.TheWorld up for play (0) at 2013.10.17-12.50.10
[0209.85] Log: Bringing up level for play took: 0.136409
[0209.85] Log: Using cached profile data instead of reading
[0209.85] Log: Using cached profile data instead of reading
[0897.15] Log: Wrote profile (543 bytes) to disk.
[1012.13] Log: Wrote profile (543 bytes) to disk.
[2343.68] Log: Wrote profile (543 bytes) to disk.
[2346.80] Log: Primary PhysX scene will be in software.
[2346.80] Log: Creating Primary PhysX Scene.
[2346.82] Log: Bringing World menumap.TheWorld up for play (0) at 2013.10.17-13.25.47
[2346.84] Log: Bringing up level for play took: 1.005379
[2346.85] Log: Using cached profile data instead of reading
[2346.91] Log: Using cached profile data instead of reading
[2356.03] Log: Closing by request
[2356.23] Log: Preparing to exit.
[2358.02] Log: Game engine shut down
[2358.78] Log: Windows client shut down
[2358.84] Log: AK Audio shut down.
[2359.79] Log: Object subsystem successfully closed.
[2360.05] Log: Shutting down FaceFX...
[2360.05] Log: FaceFX shutdown.
[2360.34] Log: Exiting.
[2360.36] Log: Log file closed, 10/17/13 13:26:01
