[3243986.702] [Localization]: Validating Foreign Key Constraints...
[3243986.703] [Localization]: Passed Validation.
[3243986.712] [Configuration]: Validating Foreign Key Constraints...
[3243986.712] [Configuration]: Passed Validation.
[3243994.859] [FullTextSearch]: Initializing FullTextSearch
[3243995.246] [Gameplay]: Validating Foreign Key Constraints...
[3243995.259] [Gameplay]: Passed Validation.
[3243997.139] [Configuration]: Validating Foreign Key Constraints...
[3243997.139] [Configuration]: Passed Validation.
[3244020.575] [FullTextSearch]: FTS - Creating Context
[3244081.771] [Configuration]: Validating Foreign Key Constraints...
[3244081.772] [Configuration]: Passed Validation.
[3244082.362] [Gameplay]: Validating Foreign Key Constraints...
[3244082.377] [Gameplay]: Passed Validation.
[3244091.581] [FullTextSearch]: FTS - Creating Context
[3244092.422] [FullTextSearch]: FTS - Creating Context
[3244094.597] [FullTextSearch]: FTS - Creating Context
[3245228.531] [Configuration]: Validating Foreign Key Constraints...
[3245228.531] [Configuration]: Passed Validation.
[3245229.716] [Gameplay]: Validating Foreign Key Constraints...
[3245229.731] [Gameplay]: Passed Validation.
[3245237.207] [FullTextSearch]: FTS - Creating Context
[3245237.744] [FullTextSearch]: FTS - Creating Context
[3245238.758] [FullTextSearch]: FTS - Creating Context
[3256861.820] [FullTextSearch]: FTS - Creating Context
[3256862.263] [Configuration]: Validating Foreign Key Constraints...
[3256862.264] [Configuration]: Passed Validation.
[3256959.357] [Configuration]: Validating Foreign Key Constraints...
[3256959.357] [Configuration]: Passed Validation.
[3256960.203] [Gameplay]: Validating Foreign Key Constraints...
[3256960.223] [Gameplay]: Passed Validation.
[3256969.533] [FullTextSearch]: FTS - Creating Context
[3256970.056] [FullTextSearch]: FTS - Creating Context
[3256970.969] [FullTextSearch]: FTS - Creating Context
[3258695.553] [FullTextSearch]: FullTextSearch - Shutting down
