[2018-01-04 07:27:44]	 Civ6App::InitialInit start.
[2018-01-04 07:27:44]	 Running SetupErrorHandling() ...
[2018-01-04 07:27:44]	 Running DoGraphicsDeviceSelection() ...
[2018-01-04 07:27:44]	 Graphics device is not the primary.  Defaulting to borderless
[2018-01-04 07:27:44]	 Selected graphics device is: NVIDIA GeForce 940M.  Device ID: 4935.  Index: 1
[2018-01-04 07:27:44]	 Running RegisterEvents() ...
[2018-01-04 07:27:44]	 Running SetupNetworkLobbyService() ...
[2018-01-04 07:27:44]	 SetupNetworkLobbyService()
[2018-01-04 07:27:44]	 Running SetupMemoryTracker() ...
[2018-01-04 07:27:44]	 Running SetupFileSystem() ...
[2018-01-04 07:27:47]	 Running SetupLogging() ...
[2018-01-04 07:27:47]	 Running SetupDedicatedServer() ...
[2018-01-04 07:27:47]	 Running SetupNetwork() ...
[2018-01-04 07:27:47]	 Running SetupDatabase() ...
[2018-01-04 07:27:55]	 Running SetupLocalization() ...
[2018-01-04 07:27:55]	 Running SetupOwnership() ...
[2018-01-04 07:27:55]	 Running GameCore::InitializeApplicationSupport() ...
[2018-01-04 07:27:55]	 Civ6App::InitialInit end.
[2018-01-04 07:27:55]	 Civ6App::GUIInit start.
[2018-01-04 07:27:55]	 Running SetupGraphics() ...
[2018-01-04 07:27:56]	 Successfully determined Graphics Performance Level. Default graphics settings to low.
[2018-01-04 07:27:56]	 Running SetupArtManager() ...
[2018-01-04 07:27:56]	 Running SetupUI() ...
[2018-01-04 07:27:57]	 Running SubscribeToEvents() ...
[2018-01-04 07:27:57]	 Running SetupGameStates() ...
[2018-01-04 07:27:57]	 Running SetupInput() ...
[2018-01-04 07:28:03]	 Starting search engine.
[2018-01-04 07:28:03]	 Setting up achievements.
[2018-01-04 07:28:03]	 Setting up scripting.
[2018-01-04 07:28:03]	 Setting up modding.
[2018-01-04 07:28:04]	 Running SetupTuner() ...
[2018-01-04 07:28:04]	 Setting up tuner.
[2018-01-04 07:28:05]	 Spawning async init job.
[2018-01-04 07:28:05]	 Civ6App::GUIInit end.
[2018-01-04 07:28:05]	 Running SetupAudio(uiSystemInitFlags) ...
[2018-01-04 07:28:05]	 Running Granny::Initialize() ...
[2018-01-04 07:28:05]	 Running SetupBinarySerialization() ...
Max size of g_EventSystemSerial's publish queue = 1084288
Max size of g_EventSystemGameCore's publish queue = 2975696
Max size of g_EventSystemLocalMachine's publish queue = 1664
