SKSE runtime: initialize (version = 1.7.3 09200000 01D443FAD88FF013, os = 6.2 (9200))
imagebase = 00400000
runtime root = C:\Users\32961\Downloads\Skyrim\
config path = C:\Users\32961\Downloads\Skyrim\Data\SKSE\skse.ini
plugin directory = C:\Users\32961\Downloads\Skyrim\Data\SKSE\Plugins\
checking plugin C:\Users\32961\Downloads\Skyrim\Data\SKSE\Plugins\\ContinueGameNoCrash.dll
plugin C:\Users\32961\Downloads\Skyrim\Data\SKSE\Plugins\\ContinueGameNoCrash.dll (00000001 ContinueGameNoCrash 00000001) loaded correctly
checking plugin C:\Users\32961\Downloads\Skyrim\Data\SKSE\Plugins\\CrashFixPlugin.dll
plugin C:\Users\32961\Downloads\Skyrim\Data\SKSE\Plugins\\CrashFixPlugin.dll (00000001 CrashFixPlugin 00000001) loaded correctly
checking plugin C:\Users\32961\Downloads\Skyrim\Data\SKSE\Plugins\\Flying_Physics.dll
plugin C:\Users\32961\Downloads\Skyrim\Data\SKSE\Plugins\\Flying_Physics.dll (00000003 Player Flying Physics 00000003) loaded correctly
checking plugin C:\Users\32961\Downloads\Skyrim\Data\SKSE\Plugins\\Fuz Ro D'oh.dll
plugin C:\Users\32961\Downloads\Skyrim\Data\SKSE\Plugins\\Fuz Ro D'oh.dll (00000001 Fuz Ro D'oh 06018195) loaded correctly
checking plugin C:\Users\32961\Downloads\Skyrim\Data\SKSE\Plugins\\JContainers.dll
registering plugin listener for SKSE at 5 of 6
plugin C:\Users\32961\Downloads\Skyrim\Data\SKSE\Plugins\\JContainers.dll (00000001 JContainers 00000003) loaded correctly
checking plugin C:\Users\32961\Downloads\Skyrim\Data\SKSE\Plugins\\MfgConsole.dll
plugin C:\Users\32961\Downloads\Skyrim\Data\SKSE\Plugins\\MfgConsole.dll (00000001 Mfg Console plugin 00000002) loaded correctly
checking plugin C:\Users\32961\Downloads\Skyrim\Data\SKSE\Plugins\\SchlongsOfSkyrim.dll
plugin C:\Users\32961\Downloads\Skyrim\Data\SKSE\Plugins\\SchlongsOfSkyrim.dll (00000001 SchlongsOfSkyrim 000493E4) loaded correctly
checking plugin C:\Users\32961\Downloads\Skyrim\Data\SKSE\Plugins\\SexLabUtil.dll
plugin C:\Users\32961\Downloads\Skyrim\Data\SKSE\Plugins\\SexLabUtil.dll (00000001 SexLabUtil 00000001) loaded correctly
checking plugin C:\Users\32961\Downloads\Skyrim\Data\SKSE\Plugins\\showRaceMenu_preCacheKiller.dll
plugin C:\Users\32961\Downloads\Skyrim\Data\SKSE\Plugins\\showRaceMenu_preCacheKiller.dll (00000001 ShowRaceMenu preCacheKiller plugin 00000001) loaded correctly
checking plugin C:\Users\32961\Downloads\Skyrim\Data\SKSE\Plugins\\StorageUtil.dll
plugin C:\Users\32961\Downloads\Skyrim\Data\SKSE\Plugins\\StorageUtil.dll (00000001 papyrusutil plugin 00000001) loaded correctly
dispatch message (0) to plugin listeners
sending message type 0 to plugin 5
dispatched message.
dispatch message (1) to plugin listeners
sending message type 1 to plugin 5
dispatch message (1) to plugin listeners
dispatched message.
dispatched message.
init complete
hooked dinput
dispatch message (6) to plugin listeners
sending message type 6 to plugin 5
dispatched message.
Reading translations from Interface\Translations\ZaZAnimationPack_ENGLISH.txt...
Reading translations from Interface\Translations\SexLab_ENGLISH.txt...
Reading translations from Interface\Translations\SexLabAroused_ENGLISH.txt...
Reading translations from Interface\Translations\CreatureFramework_ENGLISH.txt...
Reading translations from Interface\Translations\PSQ PlayerSuccubusQuest_ENGLISH.txt...
Reading translations from Interface\Translations\Schlongs of Skyrim - Core_ENGLISH.txt...
Reading translations from Interface\Translations\SkyUI_ENGLISH.txt...
Reading translations from Interface\Translations\xazPrisonOverhaul_ENGLISH.txt...
Reading translations from Interface\Translations\SexLab TDF Aggressive Prostitution_ENGLISH.txt...
Reading translations from Interface\Translations\SexLabDefeat_ENGLISH.txt...
Reading translations from Interface\Translations\SexLab Eager NPCs_ENGLISH.txt...
Reading translations from Interface\Translations\MF_RadiantProstitution_ENGLISH.txt...
Reading translations from Interface\Translations\DW_ENGLISH.txt...
dispatch message (8) to plugin listeners
sending message type 8 to plugin 5
dispatched message.
